--------------------------------------------------------------------------------
Release 8.2i Trace 
Copyright (c) 1995-2006 Xilinx, Inc.  All rights reserved.

C:\Xilinx\bin\nt\trce.exe -ise
C:/Documents and Settings/Administrador/Escritorio/p8/frecdiv/frecdiv.ise
-intstyle ise -e 3 -l 3 -s 4 -xml frecdiv frecdiv.ncd -o frecdiv.twr
frecdiv.pcf -ucf frecdiv.ucf

Design file:              frecdiv.ncd
Physical constraint file: frecdiv.pcf
Device,speed:             xc3s100e,-4 (PRODUCTION 1.23 2006-05-10)
Report level:             error report

Environment Variable      Effect 
--------------------      ------ 
NONE                      No environment variables were set
--------------------------------------------------------------------------------

INFO:Timing:2698 - No timing constraints found, doing default enumeration.
INFO:Timing:2752 - To get complete path coverage, use the unconstrained paths 
   option. All paths that are not constrained will be reported in the 
   unconstrained paths section(s) of the report.



Data Sheet report:
-----------------
All values displayed in nanoseconds (ns)

Setup/Hold to clock c50
------------+------------+------------+------------------+--------+
            |  Setup to  |  Hold to   |                  | Clock  |
Source      | clk (edge) | clk (edge) |Internal Clock(s) | Phase  |
------------+------------+------------+------------------+--------+
sel<0>      |    3.663(R)|   -1.179(R)|c50_BUFGP         |   0.000|
sel<1>      |    2.366(R)|   -0.596(R)|c50_BUFGP         |   0.000|
------------+------------+------------+------------------+--------+

Clock c50 to Pad
------------+------------+------------------+--------+
            | clk (edge) |                  | Clock  |
Destination |   to PAD   |Internal Clock(s) | Phase  |
------------+------------+------------------+--------+
clk         |    6.052(R)|c50_BUFGP         |   0.000|
------------+------------+------------------+--------+

Clock to Setup on destination clock c50
---------------+---------+---------+---------+---------+
               | Src:Rise| Src:Fall| Src:Rise| Src:Fall|
Source Clock   |Dest:Rise|Dest:Rise|Dest:Fall|Dest:Fall|
---------------+---------+---------+---------+---------+
c50            |    6.337|         |         |         |
---------------+---------+---------+---------+---------+


Analysis completed Tue May 19 05:17:53 2015
--------------------------------------------------------------------------------

Trace Settings:
-------------------------
Trace Settings 

Peak Memory Usage: 118 MB



